checksource: improper character \x09 = ^I (tab)
   file "yylex.cc": 1634 errors: lines 126, 133--134, 223--225, 
        228--233, 240, 242, 248--249, 251--254, 256--259, 261--265, 
        267--272, 274--278, 283--286, 288, 292--301, 304, 343--343, 
        348--349, 386--387, 389--389, 391--393, 396--397, 399--399, 
        401--403, 441, 443--445, 447, 455--458, 769--795, 866, 874--876, 
        884--886, 889--889, 892--893, 895--895, 897--897, 902--902, 
        904--904, 909--913, 915--916, 918--919, 921--921, 923--924, 
        926--929, 932--932, 934--951, 955--961, 963--963, 967, 970--984, 
        986--987, 989--994, 1000, 1005, 1011, 1016, 1021, 1026, 1031, 
        1036, 1041, 1046, 1051, 1056, 1061, 1066, 1071, 1076, 1081, 
        1086, 1091, 1096, 1101, 1106, 1111, 1116, 1121, 1126, 1131, 
        1136, 1141, 1146, 1151, 1157, 1163, 1168, 1173, 1178, 1183, 
        1188, 1193, 1198, 1203, 1208, 1213, 1218, 1223, 1228, 1233, 
        1238, 1243, 1248, 1253, 1256, 1258--1261, 1263--1265, 
        1267--1281, 1283--1292, 1294--1294, 1296--1296, 1298--1305, 
        1307--1307, 1309--1309, 1311--1317, 1319--1320, 1322--1325, 
        1327--1331, 1333--1344, 1346--1348, 1350--1356, 1358--1360, 
        1362--1362, 1364--1366, 1368--1370, 1372--1372, 1374--1379, 
        1381--1385, 1399--1401, 1409--1412, 1414--1416, 1418--1426, 
        1428--1435, 1437, 1439--1440, 1442--1443, 1445--1449, 
        1451--1454, 1456--1457, 1459--1460, 1462--1463, 1465--1467, 
        1469--1472, 1474--1480, 1482--1484, 1486--1486, 1488--1489, 
        1491--1491, 1493--1494, 1496--1498, 1500--1501, 1503--1509, 
        1511--1517, 1519--1520, 1522--1528, 1530--1532, 1534, 1536, 
        1549--1550, 1553, 1555--1556, 1558--1571, 1573, 1579, 1587, 
        1589, 1591--1604, 1606--1606, 1625, 1627, 1629--1637, 
        1639--1642, 1644--1655, 1657--1658, 1660--1660, 1662--1665, 
        1667--1668, 1670--1670, 1672--1672, 1674--1674, 1676--1681, 
        1683--1685, 1689, 1692, 1707, 1709--1709, 1711, 1713--1714, 
        1728--1731, 1733--1735, 1737--1743, 1745--1746, 1748--1753, 
        1762--1765, 1780, 1782--1784, 1786, 1788--1793, 1795, 1797, 
        1799, 1813--1814, 1816--1817, 1819--1820, 1822, 1836, 1838, 
        1840--1841, 1859, 1872--1873, 1875, 1877--1882, 1884, 
        1886--1887, 1889--1890, 1906--1907, 1909, 1911--1918, 
        1920--1923, 1925--1927, 1942--1943, 1945--1948, 1950--1953, 
        1967, 1969, 1971--1973, 1975--1987, 1989, 1991--1992, 
        1994--2000, 2002--2005, 2018, 2020--2024, 2026--2028, 
        2030--2038, 2040, 2042, 2058, 2072--2075, 2077--2081, 
        2083--2084, 2086, 2088--2090, 2092--2095, 2097, 2108--2109, 
        2119--2121, 2124--2130, 2262--2266, 2268--2270, 2289--2291, 
        2298--2300, 2302, 2308, 2313--2320, 2325--2325
   file "yyparse.cc": 289 errors: lines 314, 340, 365--373, 416--416, 
        621--624, 626--628, 638--638, 661--662, 666--667, 691--694, 
        697--705, 794--797, 820, 826--827, 832--834, 850, 936--940, 
        942--950, 952--956, 1260--1264, 1266--1273, 1275--1276, 1284, 
        1287, 1290--1296, 1298--1299, 1308--1308, 1311, 1510, 
        1513--1517, 1519--1523, 1555, 1561--1569, 1573, 1577--1577, 
        1635--1635
checksource: line length > 72 characters
   file "yylex.cc": 50 errors: lines 37, 165, 171, 191, 221, 331, 334, 
        343, 407, 442, 446, 449, 645, 763, 768, 802, 942, 948, 1290, 
        1321, 1414, 1445, 1522, 1524--1525, 1531--1532, 1539, 1552, 
        1555, 1570, 1582, 1588, 1603, 1635, 1698, 1770, 1862--1863, 
        1971, 1982, 2003, 2010, 2047, 2063, 2066, 2070, 2230, 2256, 2272
   file "yyparse.cc": 30 errors: lines 5, 18, 109, 219, 249, 269, 284, 
        300--302, 322, 329, 349, 498, 500--501, 534, 717, 751, 895, 992, 
        1044, 1063--1065, 1194, 1247, 1329, 1571, 1622
   file "yyparse.h": 3 errors: lines 5, 18, 46
checksource: TOTAL COMPLAINTS: 2006
